----- Starting script -----
Config file: config.cfg
Config file found.
Config loaded:
  api_url = http://127.0.0.1:9000/api
  username = <not set>
  password = 
  api_token = ****
API URL validated.
Using API token authentication.
Processing single JSON file: gelf_http_input_stream.json
Processing JSON file: gelf_http_input_stream.json
  HTTP response code: 400
  FAILURE: Error creating input.
  API error details:
    {"type":"RequestError","message":"Error at \"\" [1, 376]: Null type","line":1,"column":376,"reference_path":"org.graylog2.rest.models.system.inputs.requests.InputCreateRequest"}----- Execution Summary -----
gelf_http_input_stream.json => FAILURE (400)
-----------------------------
Total files: 1
Successful: 0
Failed: 1
-----------------------------
----- Script finished -----
